<?xml version="1.0" encoding="UTF-8"?>
<!-- Generated by org.testng.reporters.JUnitReportReporter -->
<testsuite skipped="0" hostname="Ashishs-MacBook-Pro.local" name="TestCases.level1" tests="2" failures="0" timestamp="17 Jul 2017 08:37:46 GMT" time="6278.615" errors="2">
  <testcase name="level1Cases1" time="31.465" classname="TestCases.level1">
    <error type="org.openqa.selenium.TimeoutException" message="timeout: cannot determine loading status
from timeout: Timed out receiving message from renderer: -0.004
  (Session info: chrome=59.0.3071.115)
  (Driver info: chromedriver=2.27.440174 (e97a722caafc2d3a8b807ee115bfb307f7d2cfd9),platform=Mac OS X 10.12.5 x86_64) (WARNING: The server did not provide any stacktrace information)
Command duration or timeout: 20.01 seconds
Build info: version: &#039;3.4.0&#039;, revision: &#039;unknown&#039;, time: &#039;unknown&#039;
System info: host: &#039;Ashishs-MacBook-Pro.local&#039;, ip: &#039;fe80:0:0:0:1038:3bb7:c49e:36e%en0&#039;, os.name: &#039;Mac OS X&#039;, os.arch: &#039;x86_64&#039;, os.version: &#039;10.12.5&#039;, java.version: &#039;1.8.0_71&#039;
Driver info: org.openqa.selenium.chrome.ChromeDriver
Capabilities [{applicationCacheEnabled=false, rotatable=false, mobileEmulationEnabled=false, networkConnectionEnabled=false, chrome={chromedriverVersion=2.27.440174 (e97a722caafc2d3a8b807ee115bfb307f7d2cfd9), userDataDir=/var/folders/bn/1jkb0k3x3fj0nm78lpbgwx2r0000gn/T/.org.chromium.Chromium.HOFjGD}, takesHeapSnapshot=true, pageLoadStrategy=normal, databaseEnabled=false, handlesAlerts=true, hasTouchScreen=false, version=59.0.3071.115, platform=MAC, browserConnectionEnabled=false, nativeEvents=true, acceptSslCerts=true, locationContextEnabled=true, webStorageEnabled=true, browserName=chrome, takesScreenshot=true, javascriptEnabled=true, cssSelectorsEnabled=true, unexpectedAlertBehaviour=}]
Session ID: d05e5d0cc1310546623d86bd21982242">
      <![CDATA[org.openqa.selenium.TimeoutException: timeout: cannot determine loading status
from timeout: Timed out receiving message from renderer: -0.004
  (Session info: chrome=59.0.3071.115)
  (Driver info: chromedriver=2.27.440174 (e97a722caafc2d3a8b807ee115bfb307f7d2cfd9),platform=Mac OS X 10.12.5 x86_64) (WARNING: The server did not provide any stacktrace information)
Command duration or timeout: 20.01 seconds
Build info: version: '3.4.0', revision: 'unknown', time: 'unknown'
System info: host: 'Ashishs-MacBook-Pro.local', ip: 'fe80:0:0:0:1038:3bb7:c49e:36e%en0', os.name: 'Mac OS X', os.arch: 'x86_64', os.version: '10.12.5', java.version: '1.8.0_71'
Driver info: org.openqa.selenium.chrome.ChromeDriver
Capabilities [{applicationCacheEnabled=false, rotatable=false, mobileEmulationEnabled=false, networkConnectionEnabled=false, chrome={chromedriverVersion=2.27.440174 (e97a722caafc2d3a8b807ee115bfb307f7d2cfd9), userDataDir=/var/folders/bn/1jkb0k3x3fj0nm78lpbgwx2r0000gn/T/.org.chromium.Chromium.HOFjGD}, takesHeapSnapshot=true, pageLoadStrategy=normal, databaseEnabled=false, handlesAlerts=true, hasTouchScreen=false, version=59.0.3071.115, platform=MAC, browserConnectionEnabled=false, nativeEvents=true, acceptSslCerts=true, locationContextEnabled=true, webStorageEnabled=true, browserName=chrome, takesScreenshot=true, javascriptEnabled=true, cssSelectorsEnabled=true, unexpectedAlertBehaviour=}]
Session ID: d05e5d0cc1310546623d86bd21982242
	at sun.reflect.NativeConstructorAccessorImpl.newInstance0(Native Method)
	at sun.reflect.NativeConstructorAccessorImpl.newInstance(NativeConstructorAccessorImpl.java:62)
	at sun.reflect.DelegatingConstructorAccessorImpl.newInstance(DelegatingConstructorAccessorImpl.java:45)
	at java.lang.reflect.Constructor.newInstance(Constructor.java:422)
	at org.openqa.selenium.remote.ErrorHandler.createThrowable(ErrorHandler.java:215)
	at org.openqa.selenium.remote.ErrorHandler.throwIfResponseFailed(ErrorHandler.java:167)
	at org.openqa.selenium.remote.RemoteWebDriver.execute(RemoteWebDriver.java:671)
	at org.openqa.selenium.remote.RemoteWebDriver.get(RemoteWebDriver.java:364)
	at org.openqa.selenium.remote.RemoteWebDriver$RemoteNavigation.to(RemoteWebDriver.java:945)
	at CommonResources.Level1_methods.verifyPageInSeconds(Level1_methods.java:40)
	at TestCases.level1.level1Cases1(level1.java:25)
	at sun.reflect.NativeMethodAccessorImpl.invoke0(Native Method)
	at sun.reflect.NativeMethodAccessorImpl.invoke(NativeMethodAccessorImpl.java:62)
	at sun.reflect.DelegatingMethodAccessorImpl.invoke(DelegatingMethodAccessorImpl.java:43)
	at java.lang.reflect.Method.invoke(Method.java:497)
	at org.testng.internal.MethodInvocationHelper.invokeMethod(MethodInvocationHelper.java:108)
	at org.testng.internal.Invoker.invokeMethod(Invoker.java:661)
	at org.testng.internal.Invoker.invokeTestMethod(Invoker.java:869)
	at org.testng.internal.Invoker.invokeTestMethods(Invoker.java:1193)
	at org.testng.internal.TestMethodWorker.invokeTestMethods(TestMethodWorker.java:126)
	at org.testng.internal.TestMethodWorker.run(TestMethodWorker.java:109)
	at org.testng.TestRunner.privateRun(TestRunner.java:744)
	at org.testng.TestRunner.run(TestRunner.java:602)
	at org.testng.SuiteRunner.runTest(SuiteRunner.java:380)
	at org.testng.SuiteRunner.runSequentially(SuiteRunner.java:375)
	at org.testng.SuiteRunner.privateRun(SuiteRunner.java:340)
	at org.testng.SuiteRunner.run(SuiteRunner.java:289)
	at org.testng.SuiteRunnerWorker.runSuite(SuiteRunnerWorker.java:52)
	at org.testng.SuiteRunnerWorker.run(SuiteRunnerWorker.java:86)
	at org.testng.TestNG.runSuitesSequentially(TestNG.java:1301)
	at org.testng.TestNG.runSuitesLocally(TestNG.java:1226)
	at org.testng.TestNG.runSuites(TestNG.java:1144)
	at org.testng.TestNG.run(TestNG.java:1115)
	at org.testng.remote.AbstractRemoteTestNG.run(AbstractRemoteTestNG.java:132)
	at org.testng.remote.RemoteTestNG.initAndRun(RemoteTestNG.java:230)
	at org.testng.remote.RemoteTestNG.main(RemoteTestNG.java:76)
]]>
    </error>
  </testcase> <!-- level1Cases1 -->
  <testcase name="level1Cases2" time="6247.150" classname="TestCases.level1">
    <error type="java.lang.OutOfMemoryError" message="GC overhead limit exceeded">
      <![CDATA[java.lang.OutOfMemoryError: GC overhead limit exceeded
	at net.sourceforge.htmlunit.corejs.javascript.Parser.propertyAccess(Parser.java:2601)
	at net.sourceforge.htmlunit.corejs.javascript.Parser.memberExprTail(Parser.java:2455)
	at net.sourceforge.htmlunit.corejs.javascript.Parser.memberExpr(Parser.java:2429)
	at net.sourceforge.htmlunit.corejs.javascript.Parser.unaryExpr(Parser.java:2297)
	at net.sourceforge.htmlunit.corejs.javascript.Parser.mulExpr(Parser.java:2224)
	at net.sourceforge.htmlunit.corejs.javascript.Parser.addExpr(Parser.java:2210)
	at net.sourceforge.htmlunit.corejs.javascript.Parser.shiftExpr(Parser.java:2193)
	at net.sourceforge.htmlunit.corejs.javascript.Parser.relExpr(Parser.java:2170)
	at net.sourceforge.htmlunit.corejs.javascript.Parser.eqExpr(Parser.java:2144)
	at net.sourceforge.htmlunit.corejs.javascript.Parser.bitAndExpr(Parser.java:2135)
	at net.sourceforge.htmlunit.corejs.javascript.Parser.bitXorExpr(Parser.java:2126)
	at net.sourceforge.htmlunit.corejs.javascript.Parser.bitOrExpr(Parser.java:2117)
	at net.sourceforge.htmlunit.corejs.javascript.Parser.andExpr(Parser.java:2108)
	at net.sourceforge.htmlunit.corejs.javascript.Parser.andExpr(Parser.java:2111)
	at net.sourceforge.htmlunit.corejs.javascript.Parser.orExpr(Parser.java:2099)
	at net.sourceforge.htmlunit.corejs.javascript.Parser.condExpr(Parser.java:2065)
	at net.sourceforge.htmlunit.corejs.javascript.Parser.assignExpr(Parser.java:2038)
	at net.sourceforge.htmlunit.corejs.javascript.Parser.expr(Parser.java:2019)
	at net.sourceforge.htmlunit.corejs.javascript.Parser.condition(Parser.java:911)
	at net.sourceforge.htmlunit.corejs.javascript.Parser.ifStatement(Parser.java:1102)
	at net.sourceforge.htmlunit.corejs.javascript.Parser.statementHelper(Parser.java:971)
	at net.sourceforge.htmlunit.corejs.javascript.Parser.statement(Parser.java:928)
	at net.sourceforge.htmlunit.corejs.javascript.Parser.parseFunctionBody(Parser.java:664)
	at net.sourceforge.htmlunit.corejs.javascript.Parser.function(Parser.java:829)
	at net.sourceforge.htmlunit.corejs.javascript.Parser.primaryExpr(Parser.java:2748)
	at net.sourceforge.htmlunit.corejs.javascript.Parser.memberExpr(Parser.java:2393)
	at net.sourceforge.htmlunit.corejs.javascript.Parser.unaryExpr(Parser.java:2297)
	at net.sourceforge.htmlunit.corejs.javascript.Parser.mulExpr(Parser.java:2224)
	at net.sourceforge.htmlunit.corejs.javascript.Parser.addExpr(Parser.java:2210)
	at net.sourceforge.htmlunit.corejs.javascript.Parser.shiftExpr(Parser.java:2193)
	at net.sourceforge.htmlunit.corejs.javascript.Parser.relExpr(Parser.java:2170)
	at net.sourceforge.htmlunit.corejs.javascript.Parser.eqExpr(Parser.java:2144)
]]>
    </error>
  </testcase> <!-- level1Cases2 -->
</testsuite> <!-- TestCases.level1 -->
